<?xml version="1.0" encoding="UTF-8"?>
<!-- Generated by org.testng.reporters.JUnitXMLReporter -->
<testsuite ignored="0" hostname="Ved" failures="0" tests="3" name="FirefoxTest" time="78.678" errors="0" timestamp="2025-01-26T19:01:47 IST">
  <testcase classname="com.AmazonTestCases.LaptopPageTestCases" name="verifyUrl" time="7.034"/>
  <testcase classname="com.AmazonTestCases.LaptopPageTestCases" name="verifyTitle" time="7.018"/>
  <testcase classname="com.AmazonTestCases.LaptopPageTestCases" name="validateElectronics" time="44.064"/>
</testsuite> <!-- FirefoxTest -->
