<?xml version="1.0" encoding="UTF-8"?>
<!-- Generated by org.testng.reporters.JUnitXMLReporter -->
<testsuite ignored="0" hostname="Ved" failures="1" tests="3" name="ChromeTest" time="239.368" errors="0" timestamp="2025-01-26T21:44:00 IST">
  <testcase classname="com.AmazonTestCases.LaptopPageTestCases" name="verifyUrl" time="7.019"/>
  <testcase classname="com.AmazonTestCases.LaptopPageTestCases" name="verifyTitle" time="7.02"/>
  <testcase classname="com.AmazonTestCases.LaptopPageTestCases" name="validateElectronics" time="179.994">
    <failure type="org.openqa.selenium.WebDriverException" message="Unable to execute request for an existing session: java.net.http.HttpTimeoutException: request timed out
Build info: version: &amp;apos;4.28.1&amp;apos;, revision: &amp;apos;73f5ad48a2&amp;apos;
System info: os.name: &amp;apos;Linux&amp;apos;, os.arch: &amp;apos;amd64&amp;apos;, os.version: &amp;apos;5.15.167.4-microsoft-standard-WSL2&amp;apos;, java.version: &amp;apos;17.0.13&amp;apos;
Driver info: driver.version: unknown
Build info: version: &amp;apos;4.28.0&amp;apos;, revision: &amp;apos;ac342546e9&amp;apos;
System info: os.name: &amp;apos;Windows 11&amp;apos;, os.arch: &amp;apos;amd64&amp;apos;, os.version: &amp;apos;10.0&amp;apos;, java.version: &amp;apos;22.0.2&amp;apos;
Driver info: org.openqa.selenium.remote.RemoteWebDriver
Command: [e9872675f49d76728e4d80a40230d64f, clickElement {id=f.DA840499FD1F748E37B8E6CE91CA90A9.d.080C42194B89ACE0D8CE921E8FB31E9A.e.302}]
Capabilities {acceptInsecureCerts: false, browserName: chrome, browserVersion: 132.0.6834.110, chrome: {chromedriverVersion: 132.0.6834.110 (df453a35f09..., userDataDir: /tmp/.org.chromium.Chromium...}, fedcm:accounts: true, goog:chromeOptions: {debuggerAddress: localhost:33129}, networkConnectionEnabled: false, pageLoadStrategy: normal, platformName: linux, proxy: Proxy(), se:bidiEnabled: false, se:cdp: ws://172.18.0.3:4444/sessio..., se:cdpVersion: 132.0.6834.110, se:containerName: , se:noVncPort: 7900, se:vnc: ws://172.18.0.3:4444/sessio..., se:vncEnabled: true, se:vncLocalAddress: ws://172.18.0.3:7900, setWindowRect: true, strictFileInteractability: false, timeouts: {implicit: 0, pageLoad: 300000, script: 30000}, unhandledPromptBehavior: dismiss and notify, webauthn:extension:credBlob: true, webauthn:extension:largeBlob: true, webauthn:extension:minPinLength: true, webauthn:extension:prf: true, webauthn:virtualAuthenticators: true}
Element: [[RemoteWebDriver: chrome on linux (e9872675f49d76728e4d80a40230d64f)] -&amp;gt; link text: Electronics]
Session ID: e9872675f49d76728e4d80a40230d64f">
      <![CDATA[org.openqa.selenium.WebDriverException: Unable to execute request for an existing session: java.net.http.HttpTimeoutException: request timed out
Build info: version: '4.28.1', revision: '73f5ad48a2'
System info: os.name: 'Linux', os.arch: 'amd64', os.version: '5.15.167.4-microsoft-standard-WSL2', java.version: '17.0.13'
Driver info: driver.version: unknown
Build info: version: '4.28.0', revision: 'ac342546e9'
System info: os.name: 'Windows 11', os.arch: 'amd64', os.version: '10.0', java.version: '22.0.2'
Driver info: org.openqa.selenium.remote.RemoteWebDriver
Command: [e9872675f49d76728e4d80a40230d64f, clickElement {id=f.DA840499FD1F748E37B8E6CE91CA90A9.d.080C42194B89ACE0D8CE921E8FB31E9A.e.302}]
Capabilities {acceptInsecureCerts: false, browserName: chrome, browserVersion: 132.0.6834.110, chrome: {chromedriverVersion: 132.0.6834.110 (df453a35f09..., userDataDir: /tmp/.org.chromium.Chromium...}, fedcm:accounts: true, goog:chromeOptions: {debuggerAddress: localhost:33129}, networkConnectionEnabled: false, pageLoadStrategy: normal, platformName: linux, proxy: Proxy(), se:bidiEnabled: false, se:cdp: ws://172.18.0.3:4444/sessio..., se:cdpVersion: 132.0.6834.110, se:containerName: , se:noVncPort: 7900, se:vnc: ws://172.18.0.3:4444/sessio..., se:vncEnabled: true, se:vncLocalAddress: ws://172.18.0.3:7900, setWindowRect: true, strictFileInteractability: false, timeouts: {implicit: 0, pageLoad: 300000, script: 30000}, unhandledPromptBehavior: dismiss and notify, webauthn:extension:credBlob: true, webauthn:extension:largeBlob: true, webauthn:extension:minPinLength: true, webauthn:extension:prf: true, webauthn:virtualAuthenticators: true}
Element: [[RemoteWebDriver: chrome on linux (e9872675f49d76728e4d80a40230d64f)] -> link text: Electronics]
Session ID: e9872675f49d76728e4d80a40230d64f
at org.openqa.selenium.remote.ErrorCodec.decode(ErrorCodec.java:167)
at org.openqa.selenium.remote.codec.w3c.W3CHttpResponseCodec.decode(W3CHttpResponseCodec.java:138)
at org.openqa.selenium.remote.codec.w3c.W3CHttpResponseCodec.decode(W3CHttpResponseCodec.java:50)
at org.openqa.selenium.remote.HttpCommandExecutor.execute(HttpCommandExecutor.java:215)
at org.openqa.selenium.remote.TracedCommandExecutor.execute(TracedCommandExecutor.java:53)
at org.openqa.selenium.remote.RemoteWebDriver.execute(RemoteWebDriver.java:545)
at org.openqa.selenium.remote.RemoteWebElement.execute(RemoteWebElement.java:223)
at org.openqa.selenium.remote.RemoteWebElement.click(RemoteWebElement.java:76)
at com.AmazonPages.LaptopPage.clickOnElectronics(LaptopPage.java:34)
at com.AmazonTestCases.LaptopPageTestCases.validateElectronics(LaptopPageTestCases.java:39)
at java.base/java.util.ArrayList.forEach(ArrayList.java:1597)
... Removed 32 stack frames]]>
    </failure>
  </testcase> <!-- validateElectronics -->
</testsuite> <!-- ChromeTest -->
