<?xml version="1.0" encoding="UTF-8"?>
<!-- Generated by org.testng.reporters.JUnitXMLReporter -->
<testsuite ignored="0" hostname="Ved" failures="0" tests="3" name="FirefoxTest" time="127.158" errors="0" timestamp="2025-01-26T20:45:05 IST">
  <testcase classname="com.AmazonTestCases.LaptopPageTestCases" name="verifyUrl" time="7.02"/>
  <testcase classname="com.AmazonTestCases.LaptopPageTestCases" name="verifyTitle" time="7.016"/>
  <testcase classname="com.AmazonTestCases.LaptopPageTestCases" name="validateElectronics" time="89.898"/>
</testsuite> <!-- FirefoxTest -->
