<?xml version="1.0" encoding="UTF-8"?>
<testsuite xmlns:xsi="http://www.w3.org/2001/XMLSchema-instance" xsi:noNamespaceSchemaLocation="https://maven.apache.org/surefire/maven-surefire-plugin/xsd/surefire-test-report.xsd" version="3.0.2" name="TestSuite" time="388.821" tests="9" errors="0" skipped="0" failures="0">
  <properties>
[...]
</properties>
  <testcase name="verifyUrl" classname="com.AmazonTestCases.LaptopPageTestCases" time="7.037">
    <system-out><![CDATA[20:40:39.260 [main] DEBUG org.testng.TestNG -- suiteXmlPath: "D:\Devendra_SeleniumWebDriver Demo\DevOpsProject\AmazonSuite.xml"

Docker is Started!!!

Session for Chrome Browser is Created!!!
Navigated to Amazon homepage.
Title of Amazon HomePage: Online Shopping site in India: Shop Online for Mobiles, Books, Watches, Shoes and More - Amazon.in
URL of Page is: https://www.amazon.in/s?k=laptop+dell&ref=nb_sb_noss
Test Pass: URL Matched!!!
]]></system-out>
    <system-err><![CDATA[Jan 26, 2025 8:40:39 PM org.openqa.selenium.remote.tracing.opentelemetry.OpenTelemetryTracer createTracer
INFO: Using OpenTelemetry for tracing
]]></system-err>
  </testcase>
  <testcase name="verifyUrl" classname="com.AmazonTestCases.LaptopPageTestCases" time="7.02">
    <system-out><![CDATA[
Docker is Started!!!

Session for Firefox Browser is Created!!!
Navigated to Amazon homepage.
Title of Amazon HomePage: Online Shopping site in India: Shop Online for Mobiles, Books, Watches, Shoes and More - Amazon.in
URL of Page is: https://www.amazon.in/s?k=laptop+dell&ref=nb_sb_noss
Test Pass: URL Matched!!!
]]></system-out>
  </testcase>
  <testcase name="verifyUrl" classname="com.AmazonTestCases.LaptopPageTestCases" time="7.021">
    <system-out><![CDATA[
Docker is Started!!!

Session for Edge Browser is Created!!!
Navigated to Amazon homepage.
Title of Amazon HomePage: Online Shopping site in India: Shop Online for Mobiles, Books, Watches, Shoes and More - Amazon.in
URL of Page is: https://www.amazon.in/s?k=laptop+dell&ref=nb_sb_noss
Test Pass: URL Matched!!!
]]></system-out>
  </testcase>
  <testcase name="verifyTitle" classname="com.AmazonTestCases.LaptopPageTestCases" time="7.026">
    <system-out><![CDATA[Title of Page is: Amazon.in : laptop dell
Test Pass: Title Matched!!!
]]></system-out>
  </testcase>
  <testcase name="verifyTitle" classname="com.AmazonTestCases.LaptopPageTestCases" time="7.018">
    <system-out><![CDATA[Title of Page is: Amazon.in : laptop dell
Test Pass: Title Matched!!!
]]></system-out>
  </testcase>
  <testcase name="verifyTitle" classname="com.AmazonTestCases.LaptopPageTestCases" time="7.017">
    <system-out><![CDATA[Title of Page is: Amazon.in : laptop dell
Test Pass: Title Matched!!!
]]></system-out>
  </testcase>
  <testcase name="validateElectronics" classname="com.AmazonTestCases.LaptopPageTestCases" time="100.028">
    <system-out><![CDATA[Electronics Page URL is: https://www.amazon.in/electronics/b/?ie=UTF8&node=976419031&ref_=nav_cs_electronics
Test Pass: electronics Page URL Matched!!!
]]></system-out>
  </testcase>
  <testcase name="validateElectronics" classname="com.AmazonTestCases.LaptopPageTestCases" time="89.899">
    <system-out><![CDATA[Electronics Page URL is: https://www.amazon.in/electronics/b/?ie=UTF8&node=976419031&ref_=nav_cs_electronics
Test Pass: electronics Page URL Matched!!!
]]></system-out>
  </testcase>
  <testcase name="validateElectronics" classname="com.AmazonTestCases.LaptopPageTestCases" time="77.446">
    <system-out><![CDATA[Electronics Page URL is: https://www.amazon.in/electronics/b/?ie=UTF8&node=976419031&ref_=nav_cs_electronics
Test Pass: electronics Page URL Matched!!!
]]></system-out>
  </testcase>
</testsuite>