<?xml version="1.0" encoding="UTF-8"?>
<testng-results ignored="0" total="9" passed="9" failed="0" skipped="0">
  <reporter-output>
  </reporter-output>
  <suite started-at="2025-01-26T18:56:14 IST" name="Suite" finished-at="2025-01-26T19:03:18 IST" duration-ms="424322">
    <groups>
    </groups>
    <test started-at="2025-01-26T18:56:14 IST" name="ChromeTest" finished-at="2025-01-26T19:00:28 IST" duration-ms="254140">
      <class name="com.AmazonTestCases.LaptopPageTestCases">
        <test-method is-config="true" signature="openApplication(java.lang.String)[pri:0, instance:com.AmazonTestCases.LaptopPageTestCases@34f7cfd9]" started-at="2025-01-26T18:56:14 IST" name="openApplication" finished-at="2025-01-26T18:59:07 IST" duration-ms="172885" status="PASS">
          <params>
            <param index="0">
              <value>
                <![CDATA[Chrome]]>
              </value>
            </param>
          </params>
          <reporter-output>
          </reporter-output>
        </test-method> <!-- openApplication -->
        <test-method is-config="true" signature="pageSetUp()[pri:0, instance:com.AmazonTestCases.LaptopPageTestCases@34f7cfd9]" started-at="2025-01-26T18:59:07 IST" name="pageSetUp" finished-at="2025-01-26T18:59:19 IST" duration-ms="12266" status="PASS">
          <reporter-output>
          </reporter-output>
        </test-method> <!-- pageSetUp -->
        <test-method signature="verifyUrl()[pri:1, instance:com.AmazonTestCases.LaptopPageTestCases@34f7cfd9]" started-at="2025-01-26T18:59:19 IST" name="verifyUrl" finished-at="2025-01-26T18:59:26 IST" duration-ms="7049" status="PASS">
          <reporter-output>
          </reporter-output>
        </test-method> <!-- verifyUrl -->
        <test-method signature="verifyTitle()[pri:2, instance:com.AmazonTestCases.LaptopPageTestCases@34f7cfd9]" started-at="2025-01-26T18:59:26 IST" name="verifyTitle" finished-at="2025-01-26T18:59:33 IST" duration-ms="7028" status="PASS">
          <reporter-output>
          </reporter-output>
        </test-method> <!-- verifyTitle -->
        <test-method signature="validateElectronics()[pri:4, instance:com.AmazonTestCases.LaptopPageTestCases@34f7cfd9]" started-at="2025-01-26T18:59:33 IST" name="validateElectronics" finished-at="2025-01-26T19:00:28 IST" duration-ms="54891" status="PASS">
          <reporter-output>
          </reporter-output>
        </test-method> <!-- validateElectronics -->
      </class> <!-- com.AmazonTestCases.LaptopPageTestCases -->
    </test> <!-- ChromeTest -->
    <test started-at="2025-01-26T19:00:28 IST" name="FirefoxTest" finished-at="2025-01-26T19:01:47 IST" duration-ms="78678">
      <class name="com.AmazonTestCases.LaptopPageTestCases">
        <test-method is-config="true" signature="openApplication(java.lang.String)[pri:0, instance:com.AmazonTestCases.LaptopPageTestCases@6bedbc4d]" started-at="2025-01-26T19:00:28 IST" name="openApplication" finished-at="2025-01-26T19:00:42 IST" duration-ms="13407" status="PASS">
          <params>
            <param index="0">
              <value>
                <![CDATA[Firefox]]>
              </value>
            </param>
          </params>
          <reporter-output>
          </reporter-output>
        </test-method> <!-- openApplication -->
        <test-method is-config="true" signature="pageSetUp()[pri:0, instance:com.AmazonTestCases.LaptopPageTestCases@6bedbc4d]" started-at="2025-01-26T19:00:42 IST" name="pageSetUp" finished-at="2025-01-26T19:00:49 IST" duration-ms="7147" status="PASS">
          <reporter-output>
          </reporter-output>
        </test-method> <!-- pageSetUp -->
        <test-method signature="verifyUrl()[pri:1, instance:com.AmazonTestCases.LaptopPageTestCases@6bedbc4d]" started-at="2025-01-26T19:00:49 IST" name="verifyUrl" finished-at="2025-01-26T19:00:56 IST" duration-ms="7034" status="PASS">
          <reporter-output>
          </reporter-output>
        </test-method> <!-- verifyUrl -->
        <test-method signature="verifyTitle()[pri:2, instance:com.AmazonTestCases.LaptopPageTestCases@6bedbc4d]" started-at="2025-01-26T19:00:56 IST" name="verifyTitle" finished-at="2025-01-26T19:01:03 IST" duration-ms="7018" status="PASS">
          <reporter-output>
          </reporter-output>
        </test-method> <!-- verifyTitle -->
        <test-method signature="validateElectronics()[pri:4, instance:com.AmazonTestCases.LaptopPageTestCases@6bedbc4d]" started-at="2025-01-26T19:01:03 IST" name="validateElectronics" finished-at="2025-01-26T19:01:47 IST" duration-ms="44064" status="PASS">
          <reporter-output>
          </reporter-output>
        </test-method> <!-- validateElectronics -->
      </class> <!-- com.AmazonTestCases.LaptopPageTestCases -->
    </test> <!-- FirefoxTest -->
    <test started-at="2025-01-26T19:01:47 IST" name="EdgeTest" finished-at="2025-01-26T19:03:18 IST" duration-ms="91471">
      <class name="com.AmazonTestCases.LaptopPageTestCases">
        <test-method is-config="true" signature="openApplication(java.lang.String)[pri:0, instance:com.AmazonTestCases.LaptopPageTestCases@2fd1433e]" started-at="2025-01-26T19:01:47 IST" name="openApplication" finished-at="2025-01-26T19:02:00 IST" duration-ms="13363" status="PASS">
          <params>
            <param index="0">
              <value>
                <![CDATA[Edge]]>
              </value>
            </param>
          </params>
          <reporter-output>
          </reporter-output>
        </test-method> <!-- openApplication -->
        <test-method is-config="true" signature="pageSetUp()[pri:0, instance:com.AmazonTestCases.LaptopPageTestCases@2fd1433e]" started-at="2025-01-26T19:02:00 IST" name="pageSetUp" finished-at="2025-01-26T19:02:12 IST" duration-ms="11608" status="PASS">
          <reporter-output>
          </reporter-output>
        </test-method> <!-- pageSetUp -->
        <test-method signature="verifyUrl()[pri:1, instance:com.AmazonTestCases.LaptopPageTestCases@2fd1433e]" started-at="2025-01-26T19:02:12 IST" name="verifyUrl" finished-at="2025-01-26T19:02:19 IST" duration-ms="7025" status="PASS">
          <reporter-output>
          </reporter-output>
        </test-method> <!-- verifyUrl -->
        <test-method signature="verifyTitle()[pri:2, instance:com.AmazonTestCases.LaptopPageTestCases@2fd1433e]" started-at="2025-01-26T19:02:19 IST" name="verifyTitle" finished-at="2025-01-26T19:02:26 IST" duration-ms="7024" status="PASS">
          <reporter-output>
          </reporter-output>
        </test-method> <!-- verifyTitle -->
        <test-method signature="validateElectronics()[pri:4, instance:com.AmazonTestCases.LaptopPageTestCases@2fd1433e]" started-at="2025-01-26T19:02:26 IST" name="validateElectronics" finished-at="2025-01-26T19:03:18 IST" duration-ms="52440" status="PASS">
          <reporter-output>
          </reporter-output>
        </test-method> <!-- validateElectronics -->
      </class> <!-- com.AmazonTestCases.LaptopPageTestCases -->
    </test> <!-- EdgeTest -->
  </suite> <!-- Suite -->
</testng-results>
